{"/home/sjtroxel/task-manager-ts/task-manager-ts/src/app.ts": {"path":"/home/sjtroxel/task-manager-ts/task-manager-ts/src/app.ts","statementMap":{"0":{"start":{"line":6,"column":6},"end":{"line":6,"column":null}},"1":{"start":{"line":8,"column":0},"end":{"line":8,"column":null}},"2":{"start":{"line":9,"column":0},"end":{"line":9,"column":null}},"3":{"start":{"line":11,"column":0},"end":{"line":11,"column":null}},"4":{"start":{"line":12,"column":0},"end":{"line":12,"column":null}},"5":{"start":{"line":14,"column":0},"end":{"line":16,"column":null}},"6":{"start":{"line":15,"column":2},"end":{"line":15,"column":null}}},"fnMap":{"0":{"name":"(anonymous_0)","decl":{"start":{"line":14,"column":13},"end":{"line":14,"column":14}},"loc":{"start":{"line":14,"column":27},"end":{"line":16,"column":1}},"line":14}},"branchMap":{},"s":{"0":3,"1":3,"2":3,"3":3,"4":3,"5":3,"6":1},"f":{"0":1},"b":{},"meta":{"lastBranch":0,"lastFunction":1,"lastStatement":7,"seen":{"s:6:6:6:Infinity":0,"s:8:0:8:Infinity":1,"s:9:0:9:Infinity":2,"s:11:0:11:Infinity":3,"s:12:0:12:Infinity":4,"s:14:0:16:Infinity":5,"f:14:13:14:14":0,"s:15:2:15:Infinity":6}}}
,"/home/sjtroxel/task-manager-ts/task-manager-ts/src/controllers/taskController.ts": {"path":"/home/sjtroxel/task-manager-ts/task-manager-ts/src/controllers/taskController.ts","statementMap":{"0":{"start":{"line":6,"column":24},"end":{"line":14,"column":null}},"1":{"start":{"line":7,"column":2},"end":{"line":13,"column":null}},"2":{"start":{"line":9,"column":18},"end":{"line":9,"column":null}},"3":{"start":{"line":10,"column":4},"end":{"line":10,"column":null}},"4":{"start":{"line":12,"column":4},"end":{"line":12,"column":null}},"5":{"start":{"line":18,"column":26},"end":{"line":32,"column":null}},"6":{"start":{"line":19,"column":2},"end":{"line":31,"column":null}},"7":{"start":{"line":20,"column":35},"end":{"line":20,"column":null}},"8":{"start":{"line":22,"column":20},"end":{"line":26,"column":null}},"9":{"start":{"line":28,"column":4},"end":{"line":28,"column":null}},"10":{"start":{"line":30,"column":4},"end":{"line":30,"column":null}},"11":{"start":{"line":36,"column":26},"end":{"line":57,"column":null}},"12":{"start":{"line":37,"column":2},"end":{"line":56,"column":null}},"13":{"start":{"line":38,"column":17},"end":{"line":38,"column":null}},"14":{"start":{"line":40,"column":4},"end":{"line":42,"column":null}},"15":{"start":{"line":41,"column":6},"end":{"line":41,"column":null}},"16":{"start":{"line":46,"column":4},"end":{"line":48,"column":null}},"17":{"start":{"line":47,"column":6},"end":{"line":47,"column":null}},"18":{"start":{"line":50,"column":24},"end":{"line":52,"column":null}},"19":{"start":{"line":53,"column":4},"end":{"line":53,"column":null}},"20":{"start":{"line":55,"column":4},"end":{"line":55,"column":null}},"21":{"start":{"line":61,"column":26},"end":{"line":79,"column":null}},"22":{"start":{"line":62,"column":2},"end":{"line":78,"column":null}},"23":{"start":{"line":63,"column":17},"end":{"line":63,"column":null}},"24":{"start":{"line":65,"column":4},"end":{"line":67,"column":null}},"25":{"start":{"line":66,"column":6},"end":{"line":66,"column":null}},"26":{"start":{"line":70,"column":4},"end":{"line":72,"column":null}},"27":{"start":{"line":71,"column":6},"end":{"line":71,"column":null}},"28":{"start":{"line":74,"column":4},"end":{"line":74,"column":null}},"29":{"start":{"line":75,"column":4},"end":{"line":75,"column":null}},"30":{"start":{"line":77,"column":4},"end":{"line":77,"column":null}}},"fnMap":{"0":{"name":"(anonymous_0)","decl":{"start":{"line":6,"column":24},"end":{"line":6,"column":31}},"loc":{"start":{"line":6,"column":59},"end":{"line":14,"column":null}},"line":6},"1":{"name":"(anonymous_1)","decl":{"start":{"line":18,"column":26},"end":{"line":18,"column":33}},"loc":{"start":{"line":18,"column":61},"end":{"line":32,"column":null}},"line":18},"2":{"name":"(anonymous_2)","decl":{"start":{"line":36,"column":26},"end":{"line":36,"column":33}},"loc":{"start":{"line":36,"column":61},"end":{"line":57,"column":null}},"line":36},"3":{"name":"(anonymous_3)","decl":{"start":{"line":61,"column":26},"end":{"line":61,"column":33}},"loc":{"start":{"line":61,"column":61},"end":{"line":79,"column":null}},"line":61}},"branchMap":{"0":{"loc":{"start":{"line":40,"column":4},"end":{"line":42,"column":null}},"type":"if","locations":[{"start":{"line":40,"column":4},"end":{"line":42,"column":null}},{"start":{},"end":{}}],"line":40},"1":{"loc":{"start":{"line":46,"column":4},"end":{"line":48,"column":null}},"type":"if","locations":[{"start":{"line":46,"column":4},"end":{"line":48,"column":null}},{"start":{},"end":{}}],"line":46},"2":{"loc":{"start":{"line":65,"column":4},"end":{"line":67,"column":null}},"type":"if","locations":[{"start":{"line":65,"column":4},"end":{"line":67,"column":null}},{"start":{},"end":{}}],"line":65},"3":{"loc":{"start":{"line":70,"column":4},"end":{"line":72,"column":null}},"type":"if","locations":[{"start":{"line":70,"column":4},"end":{"line":72,"column":null}},{"start":{},"end":{}}],"line":70}},"s":{"0":3,"1":5,"2":5,"3":4,"4":1,"5":3,"6":15,"7":15,"8":15,"9":13,"10":2,"11":3,"12":7,"13":7,"14":6,"15":1,"16":5,"17":2,"18":3,"19":3,"20":1,"21":3,"22":5,"23":5,"24":4,"25":1,"26":3,"27":1,"28":2,"29":2,"30":1},"f":{"0":5,"1":15,"2":7,"3":5},"b":{"0":[1,5],"1":[2,3],"2":[1,3],"3":[1,2]},"meta":{"lastBranch":4,"lastFunction":4,"lastStatement":31,"seen":{"s:6:24:14:Infinity":0,"f:6:24:6:31":0,"s:7:2:13:Infinity":1,"s:9:18:9:Infinity":2,"s:10:4:10:Infinity":3,"s:12:4:12:Infinity":4,"s:18:26:32:Infinity":5,"f:18:26:18:33":1,"s:19:2:31:Infinity":6,"s:20:35:20:Infinity":7,"s:22:20:26:Infinity":8,"s:28:4:28:Infinity":9,"s:30:4:30:Infinity":10,"s:36:26:57:Infinity":11,"f:36:26:36:33":2,"s:37:2:56:Infinity":12,"s:38:17:38:Infinity":13,"b:40:4:42:Infinity:undefined:undefined:undefined:undefined":0,"s:40:4:42:Infinity":14,"s:41:6:41:Infinity":15,"b:46:4:48:Infinity:undefined:undefined:undefined:undefined":1,"s:46:4:48:Infinity":16,"s:47:6:47:Infinity":17,"s:50:24:52:Infinity":18,"s:53:4:53:Infinity":19,"s:55:4:55:Infinity":20,"s:61:26:79:Infinity":21,"f:61:26:61:33":3,"s:62:2:78:Infinity":22,"s:63:17:63:Infinity":23,"b:65:4:67:Infinity:undefined:undefined:undefined:undefined":2,"s:65:4:67:Infinity":24,"s:66:6:66:Infinity":25,"b:70:4:72:Infinity:undefined:undefined:undefined:undefined":3,"s:70:4:72:Infinity":26,"s:71:6:71:Infinity":27,"s:74:4:74:Infinity":28,"s:75:4:75:Infinity":29,"s:77:4:77:Infinity":30}}}
,"/home/sjtroxel/task-manager-ts/task-manager-ts/src/controllers/userController.ts": {"path":"/home/sjtroxel/task-manager-ts/task-manager-ts/src/controllers/userController.ts","statementMap":{"0":{"start":{"line":8,"column":28},"end":{"line":41,"column":null}},"1":{"start":{"line":9,"column":2},"end":{"line":40,"column":null}},"2":{"start":{"line":10,"column":38},"end":{"line":10,"column":null}},"3":{"start":{"line":13,"column":23},"end":{"line":13,"column":null}},"4":{"start":{"line":14,"column":4},"end":{"line":17,"column":null}},"5":{"start":{"line":15,"column":6},"end":{"line":15,"column":null}},"6":{"start":{"line":16,"column":6},"end":{"line":16,"column":null}},"7":{"start":{"line":20,"column":17},"end":{"line":20,"column":null}},"8":{"start":{"line":21,"column":27},"end":{"line":21,"column":null}},"9":{"start":{"line":24,"column":17},"end":{"line":28,"column":null}},"10":{"start":{"line":31,"column":4},"end":{"line":37,"column":null}},"11":{"start":{"line":39,"column":4},"end":{"line":39,"column":null}},"12":{"start":{"line":45,"column":25},"end":{"line":67,"column":null}},"13":{"start":{"line":46,"column":2},"end":{"line":66,"column":null}},"14":{"start":{"line":47,"column":32},"end":{"line":47,"column":null}},"15":{"start":{"line":50,"column":17},"end":{"line":50,"column":null}},"16":{"start":{"line":54,"column":4},"end":{"line":63,"column":null}},"17":{"start":{"line":55,"column":6},"end":{"line":60,"column":null}},"18":{"start":{"line":62,"column":6},"end":{"line":62,"column":null}},"19":{"start":{"line":65,"column":4},"end":{"line":65,"column":null}},"20":{"start":{"line":72,"column":33},"end":{"line":101,"column":null}},"21":{"start":{"line":73,"column":2},"end":{"line":100,"column":null}},"22":{"start":{"line":75,"column":17},"end":{"line":75,"column":null}},"23":{"start":{"line":77,"column":4},"end":{"line":97,"column":null}},"24":{"start":{"line":78,"column":6},"end":{"line":78,"column":null}},"25":{"start":{"line":81,"column":6},"end":{"line":85,"column":null}},"26":{"start":{"line":83,"column":21},"end":{"line":83,"column":null}},"27":{"start":{"line":84,"column":8},"end":{"line":84,"column":null}},"28":{"start":{"line":87,"column":26},"end":{"line":87,"column":null}},"29":{"start":{"line":89,"column":6},"end":{"line":94,"column":null}},"30":{"start":{"line":96,"column":6},"end":{"line":96,"column":null}},"31":{"start":{"line":99,"column":4},"end":{"line":99,"column":null}}},"fnMap":{"0":{"name":"(anonymous_0)","decl":{"start":{"line":8,"column":28},"end":{"line":8,"column":35}},"loc":{"start":{"line":8,"column":67},"end":{"line":41,"column":null}},"line":8},"1":{"name":"(anonymous_1)","decl":{"start":{"line":45,"column":25},"end":{"line":45,"column":32}},"loc":{"start":{"line":45,"column":64},"end":{"line":67,"column":null}},"line":45},"2":{"name":"(anonymous_2)","decl":{"start":{"line":72,"column":33},"end":{"line":72,"column":40}},"loc":{"start":{"line":72,"column":68},"end":{"line":101,"column":null}},"line":72}},"branchMap":{"0":{"loc":{"start":{"line":14,"column":4},"end":{"line":17,"column":null}},"type":"if","locations":[{"start":{"line":14,"column":4},"end":{"line":17,"column":null}},{"start":{},"end":{}}],"line":14},"1":{"loc":{"start":{"line":54,"column":4},"end":{"line":63,"column":null}},"type":"if","locations":[{"start":{"line":54,"column":4},"end":{"line":63,"column":null}},{"start":{"line":61,"column":11},"end":{"line":63,"column":null}}],"line":54},"2":{"loc":{"start":{"line":54,"column":8},"end":{"line":54,"column":65}},"type":"binary-expr","locations":[{"start":{"line":54,"column":8},"end":{"line":54,"column":17}},{"start":{"line":54,"column":17},"end":{"line":54,"column":65}}],"line":54},"3":{"loc":{"start":{"line":77,"column":4},"end":{"line":97,"column":null}},"type":"if","locations":[{"start":{"line":77,"column":4},"end":{"line":97,"column":null}},{"start":{"line":95,"column":11},"end":{"line":97,"column":null}}],"line":77},"4":{"loc":{"start":{"line":78,"column":18},"end":{"line":78,"column":null}},"type":"binary-expr","locations":[{"start":{"line":78,"column":18},"end":{"line":78,"column":35}},{"start":{"line":78,"column":35},"end":{"line":78,"column":null}}],"line":78},"5":{"loc":{"start":{"line":81,"column":6},"end":{"line":85,"column":null}},"type":"if","locations":[{"start":{"line":81,"column":6},"end":{"line":85,"column":null}},{"start":{},"end":{}}],"line":81}},"s":{"0":3,"1":40,"2":40,"3":40,"4":40,"5":1,"6":1,"7":39,"8":39,"9":38,"10":36,"11":3,"12":3,"13":34,"14":34,"15":34,"16":33,"17":31,"18":2,"19":1,"20":3,"21":5,"22":5,"23":5,"24":4,"25":4,"26":1,"27":1,"28":4,"29":3,"30":1,"31":1},"f":{"0":40,"1":34,"2":5},"b":{"0":[1,39],"1":[31,2],"2":[33,32],"3":[4,1],"4":[4,1],"5":[1,3]},"meta":{"lastBranch":6,"lastFunction":3,"lastStatement":32,"seen":{"s:8:28:41:Infinity":0,"f:8:28:8:35":0,"s:9:2:40:Infinity":1,"s:10:38:10:Infinity":2,"s:13:23:13:Infinity":3,"b:14:4:17:Infinity:undefined:undefined:undefined:undefined":0,"s:14:4:17:Infinity":4,"s:15:6:15:Infinity":5,"s:16:6:16:Infinity":6,"s:20:17:20:Infinity":7,"s:21:27:21:Infinity":8,"s:24:17:28:Infinity":9,"s:31:4:37:Infinity":10,"s:39:4:39:Infinity":11,"s:45:25:67:Infinity":12,"f:45:25:45:32":1,"s:46:2:66:Infinity":13,"s:47:32:47:Infinity":14,"s:50:17:50:Infinity":15,"b:54:4:63:Infinity:61:11:63:Infinity":1,"s:54:4:63:Infinity":16,"b:54:8:54:17:54:17:54:65":2,"s:55:6:60:Infinity":17,"s:62:6:62:Infinity":18,"s:65:4:65:Infinity":19,"s:72:33:101:Infinity":20,"f:72:33:72:40":2,"s:73:2:100:Infinity":21,"s:75:17:75:Infinity":22,"b:77:4:97:Infinity:95:11:97:Infinity":3,"s:77:4:97:Infinity":23,"s:78:6:78:Infinity":24,"b:78:18:78:35:78:35:78:Infinity":4,"b:81:6:85:Infinity:undefined:undefined:undefined:undefined":5,"s:81:6:85:Infinity":25,"s:83:21:83:Infinity":26,"s:84:8:84:Infinity":27,"s:87:26:87:Infinity":28,"s:89:6:94:Infinity":29,"s:96:6:96:Infinity":30,"s:99:4:99:Infinity":31}}}
,"/home/sjtroxel/task-manager-ts/task-manager-ts/src/middleware/authMiddleware.ts": {"path":"/home/sjtroxel/task-manager-ts/task-manager-ts/src/middleware/authMiddleware.ts","statementMap":{"0":{"start":{"line":10,"column":23},"end":{"line":33,"column":null}},"1":{"start":{"line":14,"column":2},"end":{"line":32,"column":null}},"2":{"start":{"line":15,"column":4},"end":{"line":29,"column":null}},"3":{"start":{"line":17,"column":6},"end":{"line":17,"column":null}},"4":{"start":{"line":20,"column":27},"end":{"line":20,"column":null}},"5":{"start":{"line":24,"column":6},"end":{"line":24,"column":null}},"6":{"start":{"line":26,"column":6},"end":{"line":26,"column":null}},"7":{"start":{"line":28,"column":6},"end":{"line":28,"column":null}},"8":{"start":{"line":31,"column":4},"end":{"line":31,"column":null}}},"fnMap":{"0":{"name":"(anonymous_0)","decl":{"start":{"line":10,"column":23},"end":{"line":10,"column":30}},"loc":{"start":{"line":10,"column":86},"end":{"line":33,"column":null}},"line":10}},"branchMap":{"0":{"loc":{"start":{"line":14,"column":2},"end":{"line":32,"column":null}},"type":"if","locations":[{"start":{"line":14,"column":2},"end":{"line":32,"column":null}},{"start":{"line":30,"column":9},"end":{"line":32,"column":null}}],"line":14},"1":{"loc":{"start":{"line":14,"column":6},"end":{"line":14,"column":83}},"type":"binary-expr","locations":[{"start":{"line":14,"column":6},"end":{"line":14,"column":35}},{"start":{"line":14,"column":35},"end":{"line":14,"column":83}}],"line":14}},"s":{"0":3,"1":48,"2":41,"3":41,"4":41,"5":41,"6":37,"7":4,"8":7},"f":{"0":48},"b":{"0":[41,7],"1":[48,42]},"meta":{"lastBranch":2,"lastFunction":1,"lastStatement":9,"seen":{"s:10:23:33:Infinity":0,"f:10:23:10:30":0,"b:14:2:32:Infinity:30:9:32:Infinity":0,"s:14:2:32:Infinity":1,"b:14:6:14:35:14:35:14:83":1,"s:15:4:29:Infinity":2,"s:17:6:17:Infinity":3,"s:20:27:20:Infinity":4,"s:24:6:24:Infinity":5,"s:26:6:26:Infinity":6,"s:28:6:28:Infinity":7,"s:31:4:31:Infinity":8}}}
,"/home/sjtroxel/task-manager-ts/task-manager-ts/src/models/taskModel.ts": {"path":"/home/sjtroxel/task-manager-ts/task-manager-ts/src/models/taskModel.ts","statementMap":{"0":{"start":{"line":12,"column":27},"end":{"line":35,"column":null}}},"fnMap":{},"branchMap":{},"s":{"0":3},"f":{},"b":{},"meta":{"lastBranch":0,"lastFunction":0,"lastStatement":1,"seen":{"s:12:27:35:Infinity":0}}}
,"/home/sjtroxel/task-manager-ts/task-manager-ts/src/models/userModel.ts": {"path":"/home/sjtroxel/task-manager-ts/task-manager-ts/src/models/userModel.ts","statementMap":{"0":{"start":{"line":9,"column":27},"end":{"line":28,"column":null}}},"fnMap":{},"branchMap":{},"s":{"0":3},"f":{},"b":{},"meta":{"lastBranch":0,"lastFunction":0,"lastStatement":1,"seen":{"s:9:27:28:Infinity":0}}}
,"/home/sjtroxel/task-manager-ts/task-manager-ts/src/routes/taskRoutes.ts": {"path":"/home/sjtroxel/task-manager-ts/task-manager-ts/src/routes/taskRoutes.ts","statementMap":{"0":{"start":{"line":5,"column":15},"end":{"line":5,"column":null}},"1":{"start":{"line":8,"column":0},"end":{"line":8,"column":null}},"2":{"start":{"line":11,"column":0},"end":{"line":11,"column":null}},"3":{"start":{"line":14,"column":0},"end":{"line":14,"column":null}},"4":{"start":{"line":17,"column":0},"end":{"line":17,"column":null}},"5":{"start":{"line":20,"column":0},"end":{"line":20,"column":null}}},"fnMap":{},"branchMap":{},"s":{"0":3,"1":3,"2":3,"3":3,"4":3,"5":3},"f":{},"b":{},"meta":{"lastBranch":0,"lastFunction":0,"lastStatement":6,"seen":{"s:5:15:5:Infinity":0,"s:8:0:8:Infinity":1,"s:11:0:11:Infinity":2,"s:14:0:14:Infinity":3,"s:17:0:17:Infinity":4,"s:20:0:20:Infinity":5}}}
,"/home/sjtroxel/task-manager-ts/task-manager-ts/src/routes/userRoutes.ts": {"path":"/home/sjtroxel/task-manager-ts/task-manager-ts/src/routes/userRoutes.ts","statementMap":{"0":{"start":{"line":5,"column":15},"end":{"line":5,"column":null}},"1":{"start":{"line":7,"column":0},"end":{"line":7,"column":null}},"2":{"start":{"line":9,"column":0},"end":{"line":9,"column":null}},"3":{"start":{"line":10,"column":0},"end":{"line":10,"column":null}},"4":{"start":{"line":12,"column":0},"end":{"line":12,"column":null}}},"fnMap":{},"branchMap":{},"s":{"0":3,"1":3,"2":3,"3":3,"4":3},"f":{},"b":{},"meta":{"lastBranch":0,"lastFunction":0,"lastStatement":5,"seen":{"s:5:15:5:Infinity":0,"s:7:0:7:Infinity":1,"s:9:0:9:Infinity":2,"s:10:0:10:Infinity":3,"s:12:0:12:Infinity":4}}}
,"/home/sjtroxel/task-manager-ts/task-manager-ts/src/utils/generateToken.ts": {"path":"/home/sjtroxel/task-manager-ts/task-manager-ts/src/utils/generateToken.ts","statementMap":{"0":{"start":{"line":3,"column":22},"end":{"line":9,"column":null}},"1":{"start":{"line":6,"column":2},"end":{"line":8,"column":null}}},"fnMap":{"0":{"name":"(anonymous_0)","decl":{"start":{"line":3,"column":22},"end":{"line":3,"column":23}},"loc":{"start":{"line":3,"column":38},"end":{"line":9,"column":null}},"line":3}},"branchMap":{},"s":{"0":3,"1":70},"f":{"0":70},"b":{},"meta":{"lastBranch":0,"lastFunction":1,"lastStatement":2,"seen":{"s:3:22:9:Infinity":0,"f:3:22:3:23":0,"s:6:2:8:Infinity":1}}}
}
